   1              		.cpu arm7tdmi
   2              		.fpu softvfp
   3              		.eabi_attribute 20, 1
   4              		.eabi_attribute 21, 1
   5              		.eabi_attribute 23, 3
   6              		.eabi_attribute 24, 1
   7              		.eabi_attribute 25, 1
   8              		.eabi_attribute 26, 1
   9              		.eabi_attribute 30, 2
  10              		.eabi_attribute 18, 4
  11              		.file	"time.c"
  21              	.Ltext0:
  22              		.file 1 "../time.c"
 985              		.align	2
 986              		.global	timer_init
 988              	timer_init:
 989              	.LFB0:
   1:../time.c     **** #include "time.h"
   2:../time.c     **** 
   3:../time.c     **** /* Reloj del sistema */
   4:../time.c     **** #define MCLK 64000000
   5:../time.c     **** 
   6:../time.c     **** /* WATCHDOG */
   7:../time.c     **** #define rWTCON		(*(volatile unsigned *)0x1d30000)
   8:../time.c     **** #define rWTDAT		(*(volatile unsigned *)0x1d30004)
   9:../time.c     **** #define rWTCNT		(*(volatile unsigned *)0x1d30008)
  10:../time.c     **** 
  11:../time.c     **** void timer_init(void)
  12:../time.c     **** {
 990              		.loc 1 12 0
 991              		.cfi_startproc
 992              		@ Function supports interworking.
 993              		@ args = 0, pretend = 0, frame = 0
 994              		@ frame_needed = 0, uses_anonymous_args = 0
 995              		@ link register save eliminated.
  13:../time.c     **** 	// freq=MCLK/(P+1)/D => P = MCLK/(freq*D) - 1
  14:../time.c     **** 	// freq=2000 (2KHz T=0.5ms) D=128 P= MCLK/(128*2000) - 1
  15:../time.c     **** 	// Max count = 65535*0.5ms = 37 segundos (aprox)
  16:../time.c     **** 	rWTCON=((MCLK/256000-1)<<8)|(3<<3);
 996              		.loc 1 16 0
 997 0000 08209FE5 		ldr	r2, .L2
 998 0004 08309FE5 		ldr	r3, .L2+4
 999 0008 002083E5 		str	r2, [r3, #0]
  17:../time.c     **** }
 1000              		.loc 1 17 0
 1001 000c 1EFF2FE1 		bx	lr
 1002              	.L3:
 1003              		.align	2
 1004              	.L2:
 1005 0010 18F90000 		.word	63768
 1006 0014 0000D301 		.word	30605312
 1007              		.cfi_endproc
 1008              	.LFE0:
 1010              		.align	2
 1011              		.global	timer_start
 1013              	timer_start:
 1014              	.LFB1:
  18:../time.c     **** 
  19:../time.c     **** void timer_start(void)
  20:../time.c     **** {
 1015              		.loc 1 20 0
 1016              		.cfi_startproc
 1017              		@ Function supports interworking.
 1018              		@ args = 0, pretend = 0, frame = 0
 1019              		@ frame_needed = 0, uses_anonymous_args = 0
 1020              		@ link register save eliminated.
  21:../time.c     **** 	rWTDAT=0xffff;
 1021              		.loc 1 21 0
 1022 0018 18309FE5 		ldr	r3, .L5
 1023 001c 18109FE5 		ldr	r1, .L5+4
 1024 0020 041083E5 		str	r1, [r3, #4]
  22:../time.c     **** 	rWTCNT=0xffff;	 
 1025              		.loc 1 22 0
 1026 0024 081083E5 		str	r1, [r3, #8]
  23:../time.c     **** 	rWTCON |= (1<<5); 
 1027              		.loc 1 23 0
 1028 0028 000093E5 		ldr	r0, [r3, #0]
 1029 002c 202080E3 		orr	r2, r0, #32
 1030 0030 002083E5 		str	r2, [r3, #0]
  24:../time.c     **** }
 1031              		.loc 1 24 0
 1032 0034 1EFF2FE1 		bx	lr
 1033              	.L6:
 1034              		.align	2
 1035              	.L5:
 1036 0038 0000D301 		.word	30605312
 1037 003c FFFF0000 		.word	65535
 1038              		.cfi_endproc
 1039              	.LFE1:
 1041              		.align	2
 1042              		.global	timer_stop
 1044              	timer_stop:
 1045              	.LFB2:
  25:../time.c     **** 
  26:../time.c     **** //short int timer_stop(void)
  27:../time.c     **** unsigned int timer_stop(void)
  28:../time.c     **** {
 1046              		.loc 1 28 0
 1047              		.cfi_startproc
 1048              		@ Function supports interworking.
 1049              		@ args = 0, pretend = 0, frame = 0
 1050              		@ frame_needed = 0, uses_anonymous_args = 0
 1051              		@ link register save eliminated.
  29:../time.c     **** 	rWTCON &= ~(1<<5);
 1052              		.loc 1 29 0
 1053 0040 18309FE5 		ldr	r3, .L8
 1054 0044 00C093E5 		ldr	ip, [r3, #0]
 1055 0048 2020CCE3 		bic	r2, ip, #32
 1056 004c 002083E5 		str	r2, [r3, #0]
  30:../time.c     **** 	return (0xffff-rWTCNT);
 1057              		.loc 1 30 0
 1058 0050 081093E5 		ldr	r1, [r3, #8]
 1059 0054 FF0C61E2 		rsb	r0, r1, #65280
  31:../time.c     **** }
 1060              		.loc 1 31 0
 1061 0058 FF0080E2 		add	r0, r0, #255
 1062 005c 1EFF2FE1 		bx	lr
 1063              	.L9:
 1064              		.align	2
 1065              	.L8:
 1066 0060 0000D301 		.word	30605312
 1067              		.cfi_endproc
 1068              	.LFE2:
 1070              	.Letext0:
DEFINED SYMBOLS
                            *ABS*:00000000 time.c
C:\Users\Kadaiser\AppData\Local\Temp\ccQdUbZn.s:985    .text:00000000 $a
C:\Users\Kadaiser\AppData\Local\Temp\ccQdUbZn.s:988    .text:00000000 timer_init
C:\Users\Kadaiser\AppData\Local\Temp\ccQdUbZn.s:1005   .text:00000010 $d
C:\Users\Kadaiser\AppData\Local\Temp\ccQdUbZn.s:1010   .text:00000018 $a
C:\Users\Kadaiser\AppData\Local\Temp\ccQdUbZn.s:1013   .text:00000018 timer_start
C:\Users\Kadaiser\AppData\Local\Temp\ccQdUbZn.s:1036   .text:00000038 $d
C:\Users\Kadaiser\AppData\Local\Temp\ccQdUbZn.s:1041   .text:00000040 $a
C:\Users\Kadaiser\AppData\Local\Temp\ccQdUbZn.s:1044   .text:00000040 timer_stop
C:\Users\Kadaiser\AppData\Local\Temp\ccQdUbZn.s:1066   .text:00000060 $d
                     .debug_frame:00000010 $d

NO UNDEFINED SYMBOLS
